<?xml version="1.0" encoding="utf-8"?><testsuites name="pytest tests"><testsuite name="pytest" errors="0" failures="0" skipped="0" tests="18" time="24.040" timestamp="2026-02-10T18:24:29.974775+00:00" hostname="agent-env-6c0d08d7-8f09-4504-a1ee-c82ae8255a61"><testcase classname="backend.tests.test_achievements_iter10.TestAuthenticationFlow" name="test_01_register_new_user" time="1.540" /><testcase classname="backend.tests.test_achievements_iter10.TestAuthenticationFlow" name="test_02_get_auth_me_after_register" time="0.278" /><testcase classname="backend.tests.test_achievements_iter10.TestAuthenticationFlow" name="test_03_login_with_credentials" time="0.423" /><testcase classname="backend.tests.test_achievements_iter10.TestAuthenticationFlow" name="test_04_login_invalid_credentials" time="0.385" /><testcase classname="backend.tests.test_achievements_iter10.TestAuthenticationFlow" name="test_05_register_duplicate_email" time="0.157" /><testcase classname="backend.tests.test_achievements_iter10.TestPlayerTieringSystem" name="test_06_new_user_starts_at_tier_1" time="0.000" /><testcase classname="backend.tests.test_achievements_iter10.TestPlayerTieringSystem" name="test_07_tier_in_leaderboard" time="0.200" /><testcase classname="backend.tests.test_achievements_iter10.TestPlayerTieringSystem" name="test_08_tier_in_game_state" time="1.365" /><testcase classname="backend.tests.test_achievements_iter10.TestAchievementBadgesAPI" name="test_09_get_all_achievements" time="0.036" /><testcase classname="backend.tests.test_achievements_iter10.TestAchievementBadgesAPI" name="test_10_get_my_achievements_authenticated" time="0.250" /><testcase classname="backend.tests.test_achievements_iter10.TestAchievementBadgesAPI" name="test_11_get_my_achievements_unauthenticated" time="0.037" /><testcase classname="backend.tests.test_achievements_iter10.TestAchievementBadgesAPI" name="test_12_get_user_achievements_by_id" time="0.161" /><testcase classname="backend.tests.test_achievements_iter10.TestAchievementAwarding" name="test_13_play_game_and_check_achievements" time="17.830" /><testcase classname="backend.tests.test_achievements_iter10.TestAchievementAwarding" name="test_14_verify_first_win_achievement" time="0.210" /><testcase classname="backend.tests.test_achievements_iter10.TestAchievementAwarding" name="test_15_achievements_in_game_over_response" time="0.335" /><testcase classname="backend.tests.test_achievements_iter10.TestExistingUserWithAchievements" name="test_16_login_existing_user" time="0.689" /><testcase classname="backend.tests.test_achievements_iter10.TestAchievementCategories" name="test_17_achievement_categories" time="0.042" /><testcase classname="backend.tests.test_achievements_iter10.TestAchievementCategories" name="test_18_achievement_icons" time="0.038" /></testsuite></testsuites>