<?xml version="1.0" encoding="utf-8"?><testsuites name="pytest tests"><testsuite name="pytest" errors="0" failures="0" skipped="0" tests="12" time="14.570" timestamp="2026-02-10T11:24:56.702025+00:00" hostname="agent-env-f56a3982-9029-4e97-8358-6e7f79d570c5"><testcase classname="backend.tests.test_matchmaking_iter7.TestClubSpecificCategories" name="test_categories_endpoint_returns_club_specific" time="0.215" /><testcase classname="backend.tests.test_matchmaking_iter7.TestClubSpecificCategories" name="test_questions_exist_for_club_categories" time="0.507" /><testcase classname="backend.tests.test_matchmaking_iter7.TestMatchmakingEndpoints" name="test_join_matchmaking_queue" time="0.925" /><testcase classname="backend.tests.test_matchmaking_iter7.TestMatchmakingEndpoints" name="test_matchmaking_status_shows_waiting" time="1.295" /><testcase classname="backend.tests.test_matchmaking_iter7.TestMatchmakingEndpoints" name="test_leave_matchmaking_queue" time="1.397" /><testcase classname="backend.tests.test_matchmaking_iter7.TestMatchmakingEndpoints" name="test_bot_fallback_creates_game" time="1.746" /><testcase classname="backend.tests.test_matchmaking_iter7.TestMatchmakingEndpoints" name="test_skill_range_expands_over_time" time="3.593" /><testcase classname="backend.tests.test_matchmaking_iter7.TestELOCalculation" name="test_user_has_skill_rank" time="0.665" /><testcase classname="backend.tests.test_matchmaking_iter7.TestELOCalculation" name="test_leaderboard_shows_skill_rank" time="0.558" /><testcase classname="backend.tests.test_matchmaking_iter7.TestELOCalculation" name="test_game_response_includes_skill_rank" time="1.144" /><testcase classname="backend.tests.test_matchmaking_iter7.TestMatchmakingQueueStats" name="test_status_returns_queue_count" time="1.234" /><testcase classname="backend.tests.test_matchmaking_iter7.TestMatchmakingQueueStats" name="test_status_returns_your_rank" time="1.201" /></testsuite></testsuites>