<?xml version="1.0" encoding="utf-8"?><testsuites name="pytest tests"><testsuite name="pytest" errors="0" failures="0" skipped="0" tests="18" time="7.326" timestamp="2026-02-09T23:23:11.253406+00:00" hostname="agent-env-92e8c009-56b1-478a-aa24-502f9b6693fa"><testcase classname="backend.tests.test_quizball_api.TestAuthEndpoints" name="test_login_existing_user" time="1.279" /><testcase classname="backend.tests.test_quizball_api.TestAuthEndpoints" name="test_login_invalid_credentials" time="0.362" /><testcase classname="backend.tests.test_quizball_api.TestAuthEndpoints" name="test_get_current_user" time="0.638" /><testcase classname="backend.tests.test_quizball_api.TestUserEndpoints" name="test_update_profile_with_v2_fields" time="0.493" /><testcase classname="backend.tests.test_quizball_api.TestUserEndpoints" name="test_leaderboard" time="0.171" /><testcase classname="backend.tests.test_quizball_api.TestClubEndpoints" name="test_get_clubs_by_league" time="0.009" /><testcase classname="backend.tests.test_quizball_api.TestClubEndpoints" name="test_get_clubs_list" time="0.011" /><testcase classname="backend.tests.test_quizball_api.TestQuestionEndpoints" name="test_get_categories" time="0.171" /><testcase classname="backend.tests.test_quizball_api.TestQuestionEndpoints" name="test_list_questions" time="0.176" /><testcase classname="backend.tests.test_quizball_api.TestGameEndpoints" name="test_quick_play_vs_bot" time="0.489" /><testcase classname="backend.tests.test_quizball_api.TestGameEndpoints" name="test_game_history" time="0.272" /><testcase classname="backend.tests.test_quizball_api.TestGameEndpoints" name="test_list_active_games" time="0.412" /><testcase classname="backend.tests.test_quizball_api.TestGameEndpoints" name="test_create_invite" time="0.207" /><testcase classname="backend.tests.test_quizball_api.TestGameEndpoints" name="test_random_matchmaking" time="0.412" /><testcase classname="backend.tests.test_quizball_api.TestGameEndpoints" name="test_club_challenge" time="0.614" /><testcase classname="backend.tests.test_quizball_api.TestAdminEndpoints" name="test_create_question_with_valid_password" time="0.331" /><testcase classname="backend.tests.test_quizball_api.TestAdminEndpoints" name="test_create_question_invalid_password" time="0.006" /><testcase classname="backend.tests.test_quizball_api.TestGameFlow" name="test_full_quick_play_flow" time="1.196" /></testsuite></testsuites>