<?xml version="1.0" encoding="utf-8"?><testsuites name="pytest tests"><testsuite name="pytest" errors="0" failures="0" skipped="0" tests="15" time="21.735" timestamp="2026-02-10T10:11:46.467093+00:00" hostname="agent-env-92e8c009-56b1-478a-aa24-502f9b6693fa"><testcase classname="backend.tests.test_gameplay_iter6.TestQuickPlayBotGame" name="test_quick_play_creates_bot_game" time="0.835" /><testcase classname="backend.tests.test_gameplay_iter6.TestQuickPlayBotGame" name="test_quick_play_game_get_has_bot_fields" time="0.729" /><testcase classname="backend.tests.test_gameplay_iter6.TestQuickPlayBotGame" name="test_turn_deadline_is_3_hours_after_start" time="0.689" /><testcase classname="backend.tests.test_gameplay_iter6.TestGameRoundsAndAnswers" name="test_select_category_returns_questions" time="0.813" /><testcase classname="backend.tests.test_gameplay_iter6.TestGameRoundsAndAnswers" name="test_submit_answer_returns_score" time="1.085" /><testcase classname="backend.tests.test_gameplay_iter6.TestGameRoundsAndAnswers" name="test_answering_3_questions_switches_turn" time="2.535" /><testcase classname="backend.tests.test_gameplay_iter6.TestBotPlayEndpoint" name="test_bot_play_returns_answers_with_question_details" time="2.319" /><testcase classname="backend.tests.test_gameplay_iter6.TestBotPlayEndpoint" name="test_bot_play_advances_round" time="2.914" /><testcase classname="backend.tests.test_gameplay_iter6.TestBotPlayEndpoint" name="test_bot_play_fails_if_not_bot_turn" time="0.599" /><testcase classname="backend.tests.test_gameplay_iter6.TestOpponentAnswersPlayback" name="test_game_rounds_have_opponent_answers_after_completion" time="2.603" /><testcase classname="backend.tests.test_gameplay_iter6.TestFullGameFlow" name="test_full_game_flow_quick_play" time="3.206" /><testcase classname="backend.tests.test_gameplay_iter6.TestDashboardFeatures" name="test_quick_play_still_works" time="0.359" /><testcase classname="backend.tests.test_gameplay_iter6.TestDashboardFeatures" name="test_invite_still_works" time="0.204" /><testcase classname="backend.tests.test_gameplay_iter6.TestDashboardFeatures" name="test_club_wars_still_works" time="0.280" /><testcase classname="backend.tests.test_gameplay_iter6.TestDashboardFeatures" name="test_my_rank_still_works" time="2.509" /></testsuite></testsuites>