<?xml version="1.0" encoding="utf-8"?><testsuites name="pytest tests"><testsuite name="pytest" errors="0" failures="0" skipped="0" tests="15" time="9.143" timestamp="2026-02-10T12:14:29.674072+00:00" hostname="agent-env-f56a3982-9029-4e97-8358-6e7f79d570c5"><testcase classname="backend.tests.test_club_questions_iter8.TestClubCategoryUnification" name="test_categories_count_reduced" time="0.954" /><testcase classname="backend.tests.test_club_questions_iter8.TestClubCategoryUnification" name="test_club_category_has_869_questions" time="0.354" /><testcase classname="backend.tests.test_club_questions_iter8.TestClubCategoryUnification" name="test_club_questions_cover_premier_league_clubs" time="0.223" /><testcase classname="backend.tests.test_club_questions_iter8.TestClubCategoryUnification" name="test_club_questions_cover_bundesliga_clubs" time="0.179" /><testcase classname="backend.tests.test_club_questions_iter8.TestClubCategoryUnification" name="test_club_questions_cover_la_liga_clubs" time="0.178" /><testcase classname="backend.tests.test_club_questions_iter8.TestClubCategoryUnification" name="test_club_questions_cover_serie_a_clubs" time="0.184" /><testcase classname="backend.tests.test_club_questions_iter8.TestClubCategoryUnification" name="test_club_questions_cover_ligue_1_clubs" time="0.180" /><testcase classname="backend.tests.test_club_questions_iter8.TestClubChallengeMode" name="test_club_challenge_returns_game_with_club" time="0.970" /><testcase classname="backend.tests.test_club_questions_iter8.TestClubChallengeMode" name="test_club_challenge_game_has_correct_status" time="1.122" /><testcase classname="backend.tests.test_club_questions_iter8.TestClubChallengeMode" name="test_club_challenge_questions_filtered_by_favorite_club" time="1.256" /><testcase classname="backend.tests.test_club_questions_iter8.TestQuickPlayMode" name="test_quick_play_creates_bot_game" time="0.871" /><testcase classname="backend.tests.test_club_questions_iter8.TestQuickPlayMode" name="test_quick_play_game_has_active_status" time="1.087" /><testcase classname="backend.tests.test_club_questions_iter8.TestQuickPlayMode" name="test_quick_play_can_select_any_category" time="1.206" /><testcase classname="backend.tests.test_club_questions_iter8.TestCategoryList" name="test_categories_include_expected_types" time="0.155" /><testcase classname="backend.tests.test_club_questions_iter8.TestCategoryList" name="test_no_club_specific_subcategories" time="0.152" /></testsuite></testsuites>