<?xml version="1.0" encoding="utf-8"?><testsuites name="pytest tests"><testsuite name="pytest" errors="0" failures="0" skipped="0" tests="18" time="70.162" timestamp="2026-02-10T14:58:11.844667+00:00" hostname="agent-env-5b9a5c60-1de0-4de2-91fc-9225d41583ec"><testcase classname="tests.test_gameplay_iter9.TestGameplayMechanics" name="test_01_login_and_auth" time="1.592" /><testcase classname="tests.test_gameplay_iter9.TestGameplayMechanics" name="test_02_categories_available" time="0.646" /><testcase classname="tests.test_gameplay_iter9.TestGameplayMechanics" name="test_03_quick_play_start" time="0.941" /><testcase classname="tests.test_gameplay_iter9.TestGameplayMechanics" name="test_04_club_challenge_start" time="0.774" /><testcase classname="tests.test_gameplay_iter9.TestGameplayMechanics" name="test_05_get_game_state" time="1.207" /><testcase classname="tests.test_gameplay_iter9.TestGameplayMechanics" name="test_06_select_category" time="2.354" /><testcase classname="tests.test_gameplay_iter9.TestGameplayMechanics" name="test_07_answer_submission_correct_option_returned" time="1.677" /><testcase classname="tests.test_gameplay_iter9.TestGameplayMechanics" name="test_08_full_quick_play_round" time="2.862" /><testcase classname="tests.test_gameplay_iter9.TestGameplayMechanics" name="test_09_bot_play_endpoint" time="2.982" /><testcase classname="tests.test_gameplay_iter9.TestGameplayMechanics" name="test_10_round_advancement" time="3.302" /><testcase classname="tests.test_gameplay_iter9.TestGameplayMechanics" name="test_11_full_quick_play_game_6_rounds" time="15.597" /><testcase classname="tests.test_gameplay_iter9.TestGameplayMechanics" name="test_12_club_challenge_full_game_6_rounds" time="13.333" /><testcase classname="tests.test_gameplay_iter9.TestGameplayMechanics" name="test_13_game_history_endpoint" time="13.606" /><testcase classname="tests.test_gameplay_iter9.TestGameplayMechanics" name="test_14_no_duplicate_rounds" time="2.430" /><testcase classname="tests.test_gameplay_iter9.TestGameplayMechanics" name="test_15_timeout_answer_x" time="1.586" /><testcase classname="tests.test_gameplay_iter9.TestDashboardAndUI" name="test_active_games_list" time="1.005" /><testcase classname="tests.test_gameplay_iter9.TestDashboardAndUI" name="test_leaderboard" time="0.635" /><testcase classname="tests.test_gameplay_iter9.TestDashboardAndUI" name="test_my_rank" time="3.543" /></testsuite></testsuites>