<?xml version="1.0" encoding="utf-8"?><testsuites name="pytest tests"><testsuite name="pytest" errors="0" failures="0" skipped="0" tests="22" time="19.687" timestamp="2026-02-09T23:37:09.982043+00:00" hostname="agent-env-92e8c009-56b1-478a-aa24-502f9b6693fa"><testcase classname="backend.tests.test_new_features_iter4.TestAvatarUpload" name="test_avatar_upload_accepts_image" time="0.678" /><testcase classname="backend.tests.test_new_features_iter4.TestAvatarUpload" name="test_avatar_upload_rejects_non_image" time="0.189" /><testcase classname="backend.tests.test_new_features_iter4.TestAvatarUpload" name="test_avatar_upload_updates_user_profile" time="0.397" /><testcase classname="backend.tests.test_new_features_iter4.TestAvatarUpload" name="test_avatar_upload_requires_auth" time="0.034" /><testcase classname="backend.tests.test_new_features_iter4.TestMyRank" name="test_my_rank_returns_global_rank" time="2.285" /><testcase classname="backend.tests.test_new_features_iter4.TestMyRank" name="test_my_rank_returns_club_rank_when_set" time="2.188" /><testcase classname="backend.tests.test_new_features_iter4.TestMyRank" name="test_my_rank_returns_country_rank_when_set" time="2.154" /><testcase classname="backend.tests.test_new_features_iter4.TestMyRank" name="test_my_rank_returns_league_ranks" time="1.878" /><testcase classname="backend.tests.test_new_features_iter4.TestMyRank" name="test_my_rank_requires_auth" time="0.057" /><testcase classname="backend.tests.test_new_features_iter4.TestLeagueSystem" name="test_create_public_league" time="0.481" /><testcase classname="backend.tests.test_new_features_iter4.TestLeagueSystem" name="test_create_private_league" time="0.400" /><testcase classname="backend.tests.test_new_features_iter4.TestLeagueSystem" name="test_list_leagues" time="0.397" /><testcase classname="backend.tests.test_new_features_iter4.TestLeagueSystem" name="test_list_public_leagues_only" time="0.362" /><testcase classname="backend.tests.test_new_features_iter4.TestLeagueSystem" name="test_join_league" time="1.723" /><testcase classname="backend.tests.test_new_features_iter4.TestLeagueSystem" name="test_join_league_by_invite_code" time="0.675" /><testcase classname="backend.tests.test_new_features_iter4.TestLeagueSystem" name="test_join_league_already_member" time="0.640" /><testcase classname="backend.tests.test_new_features_iter4.TestLeagueSystem" name="test_leave_league" time="0.916" /><testcase classname="backend.tests.test_new_features_iter4.TestLeagueSystem" name="test_leave_league_not_member" time="0.201" /><testcase classname="backend.tests.test_new_features_iter4.TestLeagueSystem" name="test_get_league_details_with_leaderboard" time="0.676" /><testcase classname="backend.tests.test_new_features_iter4.TestLeagueSystem" name="test_get_nonexistent_league" time="0.203" /><testcase classname="backend.tests.test_new_features_iter4.TestLeagueSystem" name="test_join_invalid_invite_code" time="0.207" /><testcase classname="backend.tests.test_new_features_iter4.TestIntegration" name="test_league_rank_appears_in_my_rank" time="2.886" /></testsuite></testsuites>