<?xml version="1.0" encoding="utf-8"?><testsuites name="pytest tests"><testsuite name="pytest" errors="0" failures="0" skipped="0" tests="24" time="16.819" timestamp="2026-02-09T23:51:37.718864+00:00" hostname="agent-env-92e8c009-56b1-478a-aa24-502f9b6693fa"><testcase classname="backend.tests.test_iteration5_features.TestStripePaymentCheckout" name="test_checkout_credits_100_returns_url" time="2.143" /><testcase classname="backend.tests.test_iteration5_features.TestStripePaymentCheckout" name="test_checkout_credits_500_returns_url" time="0.587" /><testcase classname="backend.tests.test_iteration5_features.TestStripePaymentCheckout" name="test_checkout_credits_1000_returns_url" time="0.913" /><testcase classname="backend.tests.test_iteration5_features.TestStripePaymentCheckout" name="test_checkout_premium_returns_url" time="0.634" /><testcase classname="backend.tests.test_iteration5_features.TestStripePaymentCheckout" name="test_checkout_invalid_package_returns_400" time="0.212" /><testcase classname="backend.tests.test_iteration5_features.TestStripePaymentCheckout" name="test_checkout_requires_auth" time="0.037" /><testcase classname="backend.tests.test_iteration5_features.TestStripePaymentStatus" name="test_payment_status_returns_correct_fields" time="1.246" /><testcase classname="backend.tests.test_iteration5_features.TestStripePaymentStatus" name="test_payment_status_shows_unpaid_for_new_session" time="1.164" /><testcase classname="backend.tests.test_iteration5_features.TestStripePaymentStatus" name="test_payment_status_amount_matches_package" time="1.201" /><testcase classname="backend.tests.test_iteration5_features.TestStripePaymentStatus" name="test_payment_status_requires_auth" time="0.057" /><testcase classname="backend.tests.test_iteration5_features.TestClubWarsCurrent" name="test_current_war_returns_structure" time="0.421" /><testcase classname="backend.tests.test_iteration5_features.TestClubWarsCurrent" name="test_current_war_week_bounds_correct" time="0.333" /><testcase classname="backend.tests.test_iteration5_features.TestClubWarsCurrent" name="test_current_war_standings_structure" time="0.333" /><testcase classname="backend.tests.test_iteration5_features.TestClubWarsCurrent" name="test_current_war_shows_my_contribution" time="0.336" /><testcase classname="backend.tests.test_iteration5_features.TestClubWarsCurrent" name="test_current_war_requires_auth" time="0.035" /><testcase classname="backend.tests.test_iteration5_features.TestClubWarsContribute" name="test_contribute_creates_game" time="0.656" /><testcase classname="backend.tests.test_iteration5_features.TestClubWarsContribute" name="test_contribute_increments_games_played" time="1.200" /><testcase classname="backend.tests.test_iteration5_features.TestClubWarsContribute" name="test_contribute_returns_game_that_exists" time="0.953" /><testcase classname="backend.tests.test_iteration5_features.TestClubWarsContribute" name="test_contribute_requires_auth" time="0.033" /><testcase classname="backend.tests.test_iteration5_features.TestExistingFeatures" name="test_quick_play_still_works" time="0.370" /><testcase classname="backend.tests.test_iteration5_features.TestExistingFeatures" name="test_game_invite_still_works" time="0.250" /><testcase classname="backend.tests.test_iteration5_features.TestExistingFeatures" name="test_my_rank_still_works" time="2.997" /><testcase classname="backend.tests.test_iteration5_features.TestExistingFeatures" name="test_auth_me_still_works" time="0.211" /><testcase classname="backend.tests.test_iteration5_features.TestExistingFeatures" name="test_leagues_still_work" time="0.413" /></testsuite></testsuites>